<?xml version="1.0" encoding="UTF-8"?>
<!-- Generated by org.testng.reporters.JUnitReportReporter -->
<testsuite skipped="0" hostname="DESKTOP-96ITD99" name="com.usa.myrunner.Runner" tests="1" failures="0" timestamp="20 Apr 2020 00:27:58 GMT" time="14.833" errors="0">
  <testcase name="feature" time="14.833" classname="com.usa.myrunner.Runner"/>
</testsuite> <!-- com.usa.myrunner.Runner -->
