<?xml version="1.0" encoding="UTF-8"?>
<!-- Generated by org.testng.reporters.JUnitReportReporter -->
<testsuite skipped="0" hostname="DESKTOP-96ITD99" name="com.usa.myrunner.HomepageRunner" tests="1" failures="0" timestamp="02 May 2020 21:15:24 GMT" time="7.413" errors="0">
  <testcase name="feature" time="7.413" classname="com.usa.myrunner.HomepageRunner"/>
</testsuite> <!-- com.usa.myrunner.HomepageRunner -->
